[15:59:30] [main/INFO]: Loading Minecraft 1.21.1 with Fabric Loader 0.17.3
[15:59:35] [main/WARN]: Warnings were found!
 - Mod 'Forge Config API Port' (forgeconfigapiport) 21.1.4 recommends any version of modmenu, which is missing!
	 - You should install any version of modmenu for the optimal experience.
 - Mod 'VillagerConfig' (villagerconfig) 4.4.11 recommends any version of modmenu, which is missing!
	 - You should install any version of modmenu for the optimal experience.
[15:59:35] [main/INFO]: Loading 186 mods:
	- architectury 13.0.8
	- athena 4.0.2
	- badgebox 1.1.1
	- balm 21.0.53
	   \-- kuma_api 21.0.7
	- biome_replacer 2.1-hippo
	   \-- mixinsquared 0.3.3
	- capture_xp 1.6.1-fabric-1.2.0
	- carved_wood 1.7.6
	   \-- cardinal-components-block 6.1.0
	- cobblecuisine 1.2
	- cobbledollars 2.0.0+Beta-5.1+1.21.1
	- cobblefurnies 0.6.3
	- cobblemon 1.6.1+1.21.1
	- cobblemon-additions 3.9.4
	- cobblemon_spawn_notification 1.6-fabric-1.3.8
	- cobblemonboxlink 1.0.4
	- cobblenav 2.2.4
	- cobbleride 0.3.3+1.21.1
	- cobbleversebadges 1.2
	- cobbreeding 1.9.1
	- comforts 9.0.4+1.21.1
	   |-- cardinal-components-base 6.1.2
	   |-- cardinal-components-entity 6.1.2
	   \-- spectrelib 0.17.2+1.21
	        |-- com_electronwill_night-config_core 3.8.0
	        \-- com_electronwill_night-config_toml 3.8.0
	- cozyhome 1.1.15
	- defaultoptions 21.1.2
	- entityculling 1.9.0
	   |-- transition 1.0.5
	   \-- trender 1.0.7
	- fabric-api 0.116.7+1.21.1
	   |-- fabric-api-base 0.4.42+6573ed8c19
	   |-- fabric-api-lookup-api-v1 1.6.71+b559734419
	   |-- fabric-biome-api-v1 13.0.31+d527f9fd19
	   |-- fabric-block-api-v1 1.1.0+0bc3503219
	   |-- fabric-block-view-api-v2 1.0.11+ebb2264e19
	   |-- fabric-blockrenderlayer-v1 1.1.52+0af3f5a719
	   |-- fabric-client-tags-api-v1 1.1.15+6573ed8c19
	   |-- fabric-command-api-v1 1.2.49+f71b366f19
	   |-- fabric-command-api-v2 2.2.28+6ced4dd919
	   |-- fabric-commands-v0 0.2.66+df3654b319
	   |-- fabric-content-registries-v0 8.0.19+b559734419
	   |-- fabric-convention-tags-v1 2.1.5+7f945d5b19
	   |-- fabric-convention-tags-v2 2.11.1+a406e79519
	   |-- fabric-crash-report-info-v1 0.2.29+0af3f5a719
	   |-- fabric-data-attachment-api-v1 1.4.5+6116a37819
	   |-- fabric-data-generation-api-v1 20.2.34+37516cd619
	   |-- fabric-dimensions-v1 4.0.1+65213ef819
	   |-- fabric-entity-events-v1 1.8.0+2b27e0a419
	   |-- fabric-events-interaction-v0 0.7.13+ba9dae0619
	   |-- fabric-game-rule-api-v1 1.0.53+6ced4dd919
	   |-- fabric-item-api-v1 11.2.0+3b3cb2e819
	   |-- fabric-item-group-api-v1 4.1.7+def88e3a19
	   |-- fabric-key-binding-api-v1 1.0.47+0af3f5a719
	   |-- fabric-keybindings-v0 0.2.45+df3654b319
	   |-- fabric-lifecycle-events-v1 2.6.0+0865547519
	   |-- fabric-loot-api-v2 3.0.15+3f89f5a519
	   |-- fabric-loot-api-v3 1.0.3+3f89f5a519
	   |-- fabric-message-api-v1 6.0.14+8aaf3aca19
	   |-- fabric-model-loading-api-v1 2.1.0+b4d813fc19
	   |-- fabric-networking-api-v1 4.3.0+c7469b2119
	   |-- fabric-object-builder-api-v1 15.2.1+40875a9319
	   |-- fabric-particles-v1 4.0.2+6573ed8c19
	   |-- fabric-recipe-api-v1 5.0.15+2475392c19
	   |-- fabric-registry-sync-v0 5.3.1+e3eddc2119
	   |-- fabric-renderer-api-v1 3.4.1+b4d813fc19
	   |-- fabric-renderer-indigo 1.7.1+c705a49c19
	   |-- fabric-renderer-registries-v1 3.2.69+df3654b319
	   |-- fabric-rendering-data-attachment-v1 0.3.49+73761d2e19
	   |-- fabric-rendering-fluids-v1 3.1.6+1daea21519
	   |-- fabric-rendering-v0 1.1.72+df3654b319
	   |-- fabric-rendering-v1 5.1.0+ab4c25a019
	   |-- fabric-resource-conditions-api-v1 4.3.0+8dc279b119
	   |-- fabric-resource-loader-v0 1.3.1+5b5275af19
	   |-- fabric-screen-api-v1 2.0.25+8b68f1c719
	   |-- fabric-screen-handler-api-v1 1.3.90+b559734419
	   |-- fabric-sound-api-v1 1.0.23+6573ed8c19
	   |-- fabric-transfer-api-v1 5.4.3+c24bd99419
	   \-- fabric-transitive-access-wideners-v1 6.2.0+45b9699719
	- fabric-language-kotlin 1.13.6+kotlin.2.2.20
	   |-- org_jetbrains_kotlin_kotlin-reflect 2.2.20
	   |-- org_jetbrains_kotlin_kotlin-stdlib 2.2.20
	   |-- org_jetbrains_kotlin_kotlin-stdlib-jdk7 2.2.20
	   |-- org_jetbrains_kotlin_kotlin-stdlib-jdk8 2.2.20
	   |-- org_jetbrains_kotlinx_atomicfu-jvm 0.29.0
	   |-- org_jetbrains_kotlinx_kotlinx-coroutines-core-jvm 1.10.2
	   |-- org_jetbrains_kotlinx_kotlinx-coroutines-jdk8 1.10.2
	   |-- org_jetbrains_kotlinx_kotlinx-datetime-jvm 0.7.1
	   |-- org_jetbrains_kotlinx_kotlinx-io-bytestring-jvm 0.8.0
	   |-- org_jetbrains_kotlinx_kotlinx-io-core-jvm 0.8.0
	   |-- org_jetbrains_kotlinx_kotlinx-serialization-cbor-jvm 1.9.0
	   |-- org_jetbrains_kotlinx_kotlinx-serialization-core-jvm 1.9.0
	   \-- org_jetbrains_kotlinx_kotlinx-serialization-json-jvm 1.9.0
	- fabricloader 0.17.3
	   \-- mixinextras 0.5.0
	- ferritecore 7.0.2-hotfix
	- fightorflight 0.8.4
	   \-- cloth-config 15.0.140
	        \-- cloth-basic-math 0.6.1
	- forgeconfigapiport 21.1.4
	   |-- com_electronwill_night-config_core 3.8.0
	   \-- com_electronwill_night-config_toml 3.8.0
	- forgivingvoid 21.1.5
	- geckolib 4.8.2
	- globalpacks 21.0.6
	   |-- com_electronwill_night-config_core 3.8.0
	   \-- com_electronwill_night-config_toml 3.8.0
	- handcrafted 4.0.3
	- highlight 3.5.0
	- hugestructureblocks 1.1.6
	- iceberg 1.3.2
	- interactic 0.2.3+1.21
	- java 21
	- konkrete 1.9.9
	- lenientdeath 1.2.5+1.21.1
	   |-- fabric-permissions-api-v0 0.2-SNAPSHOT
	   |-- jackfredlib-base 1.4.0+1.21
	   |-- jackfredlib-colour 1.1.0+1.21
	   |-- jackfredlib-config 0.2.3+1.21
	   |    |-- blue_endless_jankson 1.2.3
	   |    |-- commons-io_commons-io 2.15.1
	   |    \-- jackfredlib-base 1.4.0+1.21
	   |-- jackfredlib-lying 0.5.5+1.21
	   \-- server_translations_api 2.3.1+1.21-pre2
	        \-- packet_tweaker 0.5.1+24w03b
	- libjf 3.17.3
	   |-- libjf-base 3.17.3
	   |-- libjf-config-commands 3.17.3
	   |-- libjf-config-core-v2 3.17.3
	   |-- libjf-config-network-v0 3.17.3
	   |-- libjf-config-ui-tiny 3.17.3
	   |-- libjf-data-manipulation-v0 3.17.3
	   |-- libjf-data-v0 3.17.3
	   |-- libjf-mainhttp-v0 3.17.3
	   |-- libjf-resource-pack-entry-widgets-v0 3.17.3
	   |-- libjf-translate-v1 3.17.3
	   |-- libjf-unsafe-v0 3.17.3
	   \-- libjf-web-v1 3.17.3
	- loadsupport 1.1.0-fabric-1.21.1
	- lumymon 0.4.7-2
	- mega_showdown 10.0.8-release-fabric
	- melody 1.0.10
	- midnightlib 1.7.5
	- minecraft 1.21.1
	- moarconcrete 1.3.1
	- mobsbegone 0.0.7
	- modernfix 5.24.3+mc1.21.1
	- more_cobblemon_tweaks 1.1.3
	- nethermap 4.0.0-1.21.1
	- netherportalfix 21.1.3
	- noisium 2.3.0+mc1.21-1.21.1
	- owo 0.12.15.4+1.21
	   |-- io_wispforest_endec 0.1.5.1
	   |-- io_wispforest_endec_gson 0.1.3.1
	   |-- io_wispforest_endec_jankson 0.1.3.1
	   \-- io_wispforest_endec_netty 0.1.2
	- packetfixer 3.3.0
	- pasture-loot 1.0.2+1.21.1
	- playerxp 1.0.2+1.21.1
	- pokeblocks 1.4.0-1.21.1
	- rctapi 0.13.9-beta
	- rctmod 0.16.9-beta
	- repurposed_structures 7.5.17+1.21.1-fabric
	- resourcefullib 3.0.12
	   |-- com_teamresourceful_bytecodecs 1.1.2
	   \-- com_teamresourceful_yabn 1.0.3
	- respackopts 4.11.3
	   |-- io_gitlab_jfronny_muscript-all 2.0.0-SNAPSHOT
	   \-- io_gitlab_jfronny_muscript-json 2.0.0-SNAPSHOT
	- roughlyenoughitems 16.0.799
	   \-- error_notifier 1.0.11
	- safepastures 1.1.0+1.21.1
	- sophisticatedbackpacks 1.21.1-3.23.4.3.106
	- sophisticatedcore 1.21.1-1.2.9.19.161
	   |-- porting_lib_conditions 3.1.0-beta.47+1.21.1
	   |-- porting_lib_core 3.1.0-beta.47+1.21.1
	   |-- porting_lib_fluids 3.1.0-beta.47+1.21.1
	   |-- porting_lib_item_abilities 3.1.0-beta.47+1.21.1
	   |-- porting_lib_lazy_registration 3.1.0-beta.47+1.21.1
	   |-- porting_lib_level_events 3.1.0-beta.47+1.21.1
	   |-- porting_lib_loot 3.1.0-beta.47+1.21.1
	   |-- porting_lib_model_loader 3.1.0-beta.47+1.21.1
	   |-- porting_lib_render_types 3.1.0-beta.47+1.21.1
	   |-- porting_lib_transfer 3.1.0-beta.47+1.21.1
	   \-- team_reborn_energy 4.1.0
	- sophisticatedstorage 1.21.1-1.3.7.7.133
	- supermartijn642configlib 1.1.8
	- tim_core 1.6.1-fabric-1.15.1
	- tmcraft 1.4.14+1.6.1
	- trinkets 3.10.0
	- villagerconfig 4.4.11
	   \-- fiber 0.23.0-2
	- waystones 21.1.23
	- yet_another_config_lib_v3 3.7.1+1.21.1-fabric
	   |-- com_twelvemonkeys_common_common-image 3.12.0
	   |-- com_twelvemonkeys_common_common-io 3.12.0
	   |-- com_twelvemonkeys_common_common-lang 3.12.0
	   |-- com_twelvemonkeys_imageio_imageio-core 3.12.0
	   |-- com_twelvemonkeys_imageio_imageio-metadata 3.12.0
	   |-- com_twelvemonkeys_imageio_imageio-webp 3.12.0
	   |-- org_quiltmc_parsers_gson 0.2.1
	   \-- org_quiltmc_parsers_json 0.2.1
[15:59:36] [main/INFO]: SpongePowered MIXIN Subsystem Version=0.8.7 Source=file:/workspaces/Cobblemon-ZoruKu/servidor_minecraft/libraries/net/fabricmc/sponge-mixin/0.16.5+mixin.0.8.7/sponge-mixin-0.16.5+mixin.0.8.7.jar Service=Knot/Fabric Env=SERVER
[15:59:36] [main/INFO]: Compatibility level set to JAVA_16
[15:59:36] [main/INFO]: Compatibility level set to JAVA_17
[15:59:36] [main/INFO]: Compatibility level set to JAVA_21
[15:59:37] [main/WARN]: Reference map 'forgeconfigapiport.common.refmap.json' for forgeconfigapiport.common.mixins.json could not be read. If this is a development environment you can ignore this message
[15:59:37] [main/INFO]: Loaded configuration file for ModernFix 5.24.3+mc1.21.1: 64 options available, 0 override(s) found
[15:59:37] [main/INFO]: Applying Nashorn fix
[15:59:37] [main/INFO]: Packet Fixer forge 1.20.5-1.21.X has been applied successfully.
[15:59:37] [main/WARN]: Reference map 'supermartijn642configlib.mixins.refmap.json' for supermartijn642configlib.mixins.json could not be read. If this is a development environment you can ignore this message
[15:59:37] [main/WARN]: Reference map 'yet_another_config_lib_v3.refmap.json' for yacl.mixins.json could not be read. If this is a development environment you can ignore this message
[15:59:37] [main/WARN]: Reference map 'yet_another_config_lib_v3.refmap.json' for yacl-fabric.mixins.json could not be read. If this is a development environment you can ignore this message
[15:59:37] [main/WARN]: Error loading class: net/minecraft/class_906 (java.lang.ClassNotFoundException: net/minecraft/class_906)
[15:59:37] [main/WARN]: @Mixin target net.minecraft.class_906 was not found porting_lib_item_abilities.mixins.json:FishingHookRendererMixin from mod porting_lib_item_abilities
[15:59:38] [main/WARN]: Error loading class: net/minecraft/class_350 (java.lang.ClassNotFoundException: net/minecraft/class_350)
[15:59:38] [main/WARN]: @Mixin target net.minecraft.class_350 was not found mixins.cobblemon-common.json:accessor.EntryListWidgetAccessor from mod cobblemon
[15:59:38] [main/WARN]: Error loading class: juuxel/adorn/block/variant/BlockVariantSets (java.lang.ClassNotFoundException: juuxel/adorn/block/variant/BlockVariantSets)
[15:59:38] [main/WARN]: @Mixin target juuxel.adorn.block.variant.BlockVariantSets was not found mixins.cobblemon-common.json:invoker.AdornRegisterInvoker from mod cobblemon
[15:59:38] [main/WARN]: Error loading class: journeymap/common/Journeymap (java.lang.ClassNotFoundException: journeymap/common/Journeymap)
[15:59:38] [main/WARN]: @Mixin target journeymap.common.Journeymap was not found spawnnotification.mixins.json:JourneyMapPresent from mod cobblemon_spawn_notification
[15:59:38] [main/WARN]: Error loading class: xaero/minimap/XaeroMinimap (java.lang.ClassNotFoundException: xaero/minimap/XaeroMinimap)
[15:59:38] [main/WARN]: @Mixin target xaero.minimap.XaeroMinimap was not found spawnnotification.mixins.json:XaerosMiniPresent from mod cobblemon_spawn_notification
[15:59:38] [main/WARN]: Error loading class: xaero/map/core/XaeroWorldMapCore (java.lang.ClassNotFoundException: xaero/map/core/XaeroWorldMapCore)
[15:59:38] [main/WARN]: @Mixin target xaero.map.core.XaeroWorldMapCore was not found spawnnotification.mixins.json:XaerosWorldPresent from mod cobblemon_spawn_notification
[15:59:38] [main/WARN]: Error loading class: com/natamus/dismountentity_common_fabric/events/DismountEvent (java.lang.ClassNotFoundException: com/natamus/dismountentity_common_fabric/events/DismountEvent)
[15:59:38] [main/WARN]: @Mixin target com.natamus.dismountentity_common_fabric.events.DismountEvent was not found cobbleride-fabric.mixins.json:DismountEventMixin from mod cobbleride
[15:59:38] [main/WARN]: Error loading class: com/electronwill/nightconfig/core/io/IoUtils (java.lang.ClassNotFoundException: com/electronwill/nightconfig/core/io/IoUtils)
[15:59:39] [main/WARN]: Error loading class: net/minecraft/class_287 (java.lang.ClassNotFoundException: net/minecraft/class_287)
[15:59:39] [main/WARN]: @Mixin target net.minecraft.class_287 was not found owo.mixins.json:BufferBuilderAccessor from mod owo
[15:59:39] [main/WARN]: Error loading class: net/minecraft/class_437 (java.lang.ClassNotFoundException: net/minecraft/class_437)
[15:59:39] [main/WARN]: @Mixin target net.minecraft.class_437 was not found owo.mixins.json:ScreenAccessor from mod owo
[15:59:39] [main/WARN]: Error loading class: net/minecraft/class_638 (java.lang.ClassNotFoundException: net/minecraft/class_638)
[15:59:39] [main/WARN]: @Mixin target net.minecraft.class_638 was not found porting_lib_level_events.mixins.json:client.ClientLevelMixin from mod porting_lib_level_events
[15:59:39] [main/WARN]: Error loading class: net/minecraft/class_918 (java.lang.ClassNotFoundException: net/minecraft/class_918)
[15:59:39] [main/WARN]: @Mixin target net.minecraft.class_918 was not found rctmod.mixins.json:client.ItemRendererMixin from mod rctmod
[15:59:39] [main/INFO]: Registering config for libjf-translate-v1
[15:59:39] [main/INFO]: Registering config for respackopts
[15:59:39] [main/INFO]: Initializing MixinExtras via com.llamalad7.mixinextras.service.MixinExtrasServiceImpl(version=0.5.0).
[15:59:45] [main/INFO]: Vanilla bootstrap took 5090 milliseconds
[15:59:46] [main/INFO]: Registering Mod Items for carved_wood
[15:59:46] [main/INFO]: Registering Mod Blocks for carved_wood
[15:59:46] [main/INFO]: Registering Recipe Serializers for carved_wood
[15:59:46] [main/WARN]: Error loading class: net/minecraft/class_315 (java.lang.ClassNotFoundException: net/minecraft/class_315)
[15:59:46] [main/WARN]: Error loading class: net/minecraft/class_310 (java.lang.ClassNotFoundException: net/minecraft/class_310)
[15:59:46] [main/WARN]: Error loading class: net/minecraft/class_304 (java.lang.ClassNotFoundException: net/minecraft/class_304)
[15:59:46] [main/INFO]: [STDOUT]: Registering CobbleCuisine item groups
[15:59:46] [main/INFO]: [STDOUT]: Registering blocks for cobblecuisine
[15:59:46] [main/ERROR]: No data fixer registered for cobbledollars:cobble_merchant
[15:59:46] [main/INFO]: Registering C2S receiver with id cobblefurnies:craft_recipe
[15:59:46] [main/WARN]: Error loading class: net/minecraft/class_465 (java.lang.ClassNotFoundException: net/minecraft/class_465)
[15:59:46] [main/WARN]: Error loading class: net/minecraft/class_465 (java.lang.ClassNotFoundException: net/minecraft/class_465)
[15:59:46] [main/WARN]: Error loading class: net/minecraft/class_1132 (java.lang.ClassNotFoundException: net/minecraft/class_1132)
[15:59:46] [main/INFO]: Booting LaxPermissionValidator, permissions will be checked using Minecrafts permission level system, see https://minecraft.fandom.com/wiki/Permission_level
[15:59:46] [main/INFO]: Launching Cobblemon 1.6.1 
[15:59:46] [main/INFO]: Booting FabricPermissionValidator, permissions will be checked using fabric-permissions-api, see https://github.com/lucko/fabric-permissions-api
[15:59:47] [main/ERROR]: No data fixer registered for cobblemon:pokemon
[15:59:47] [main/ERROR]: No data fixer registered for cobblemon:empty_pokeball
[15:59:47] [main/ERROR]: No data fixer registered for cobblemon:boat
[15:59:47] [main/ERROR]: No data fixer registered for cobblemon:chest_boat
[15:59:47] [main/ERROR]: No data fixer registered for cobblemon:poke_bobber
[15:59:47] [main/ERROR]: No data fixer registered for cobblemon:generic_bedrock
[15:59:47] [main/ERROR]: No data fixer registered for cobblemon:npc
[15:59:47] [main/INFO]: Starting the Best Spawner...
[15:59:47] [main/INFO]: Loaded 7 spawning condition types.
[15:59:47] [main/INFO]: Loaded 6 spawning context types.
[15:59:47] [main/INFO]: Loaded 2 spawn detail types.
[15:59:47] [Cobblemon Showdown/INFO]: Starting showdown service...
[15:59:47] [Cobblemon Showdown/INFO]: Loaded fallback file: ./showdown/data/moves.js
[15:59:47] [Cobblemon Showdown/INFO]: Loaded fallback file: ./showdown/sim/battle-actions.js
[15:59:47] [Cobblemon Showdown/INFO]: Loaded fallback file: ./showdown/sim/pokemon.js
[15:59:47] [Cobblemon Showdown/INFO]: Loaded fallback file: ./showdown/data/abilities.js
[15:59:47] [Cobblemon Showdown/INFO]: Loaded fallback file: ./showdown/sim/side.js
[15:59:47] [Cobblemon Showdown/INFO]: Loaded fallback file: ./showdown/data/conditions.js
[15:59:47] [Cobblemon Showdown/INFO]: Loaded fallback file: ./showdown/index.js
[15:59:47] [Cobblemon Showdown/INFO]: All files are ready!
[15:59:51] [Cobblemon Showdown/INFO]: Showdown has been started!
[15:59:51] [main/INFO]: Note: Cobblemon data registries are only loaded once per server instance as Pokémon species are not safe to reload.
[15:59:51] [main/INFO]: Registered the mega_showdown:showdown/abilities registry
[15:59:51] [main/INFO]: Registered the mega_showdown:showdown/moves registry
[15:59:51] [main/INFO]: Registered the mega_showdown:showdown/conditions registry
[15:59:51] [main/INFO]: Registered the mega_showdown:showdown/held_items registry
[15:59:51] [main/INFO]: Registered the mega_showdown:showdown/typecharts registry
[15:59:51] [main/INFO]: Registered the mega_showdown:showdown/scripts registry
[15:59:51] [main/INFO]: Registered the cobblemon:molang registry
[15:59:51] [main/INFO]: Registered the cobblemon:species_features registry
[15:59:51] [main/INFO]: Registered the cobblemon:global_species_features registry
[15:59:51] [main/INFO]: Registered the cobblemon:species_feature_assignments registry
[15:59:51] [main/INFO]: Registered the cobblemon:action_effects registry
[15:59:51] [main/INFO]: Registered the cobblemon:moves registry
[15:59:51] [main/INFO]: Registered the cobblemon:abilities registry
[15:59:51] [main/INFO]: Registered the cobblemon:brain_presets registry
[15:59:51] [main/INFO]: Registered the cobblemon:species registry
[15:59:51] [main/INFO]: Registered the cobblemon:species_additions registry
[15:59:51] [main/INFO]: Registered the cobblemon:pokeballs registry
[15:59:51] [main/INFO]: Registered the cobblemon:properties_tab_completion registry
[15:59:51] [main/INFO]: Registered the cobblemon:spawn_detail_presets registry
[15:59:51] [main/INFO]: Registered the cobblemon:spawn_rules registry
[15:59:51] [main/INFO]: Registered the cobblemon:mechanics registry
[15:59:51] [main/INFO]: Registered the cobblemon:bag_items registry
[15:59:51] [main/INFO]: Registered the cobblemon:dialogues registry
[15:59:51] [main/INFO]: Registered the cobblemon:natural_materials registry
[15:59:51] [main/INFO]: Registered the cobblemon:fossils registry
[15:59:51] [main/INFO]: Registered the cobblemon:npc_preset registry
[15:59:51] [main/INFO]: Registered the cobblemon:npc registry
[15:59:51] [main/INFO]: Registered the cobblemon:dex_entries registry
[15:59:51] [main/INFO]: Registered the cobblemon:dex_entry_additions registry
[15:59:51] [main/INFO]: Registered the cobblemon:dexes registry
[15:59:51] [main/INFO]: Registered the cobblemon:dex_additions registry
[15:59:51] [main/INFO]: Registered the cobblemon:flows registry
[15:59:51] [main/INFO]: Registered the cobblemon:spawn_pool_world registry
[15:59:51] [main/INFO]: Registered the cobblemon:pokerods registry
[15:59:51] [main/INFO]: Registered the cobblemon:berries registry
[15:59:51] [main/INFO]: Registered the cobblemon:fishing_baits registry
[15:59:51] [main/INFO]: Mod compatibility check results: {cobbledollars=true, sophisticatedbackpacks=true, cobblenav=true, travelersbackpack=false, waystones=true}
[15:59:51] [main/INFO]: Detected compatible mod(s) — initializing loot table modifications.
[15:59:51] [main/INFO]: Cobblemon Additions mod initialized successfully.
[15:59:51] [main/INFO]: Registered the cobblenav:biome_platforms registry
[15:59:51] [main/INFO]: Registered the cobbleride:rideable_species registry
[15:59:51] [main/INFO]: Loading config file found at: /workspaces/Cobblemon-ZoruKu/servidor_minecraft/config/cobbleride/config.json
[15:59:51] [main/INFO]: Checking for config merge.
[15:59:51] [main/INFO]: Checking for config merge.
[15:59:51] [main/INFO]: Checking for config merge.
[15:59:51] [main/INFO]: Checking for config merge.
[15:59:51] [main/INFO]: Checking for config merge.
[15:59:51] [main/INFO]: Checking for config merge.
[15:59:51] [main/INFO]: Checking for config merge.
[15:59:51] [main/INFO]: Saving config to: /workspaces/Cobblemon-ZoruKu/servidor_minecraft/config/cobbleride/config.json
[15:59:51] [main/INFO]: Registering Item Groups for cobbleversebadges
[15:59:52] [main/INFO]: Registering Mod Items for cobbleversebadges
[15:59:52] [main/INFO]: Registering items
[15:59:52] [main/INFO]: Registering data components
[15:59:52] [main/INFO]: Registering Mod Items for cozyhome
[15:59:52] [main/WARN]: Error loading class: net/minecraft/class_310 (java.lang.ClassNotFoundException: net/minecraft/class_310)
[15:59:52] [main/WARN]: Error loading class: net/minecraft/class_310 (java.lang.ClassNotFoundException: net/minecraft/class_310)
[15:59:52] [main/INFO]: Registering ModBlocks for cozyhome
[15:59:52] [main/INFO]: Registering block entities for cozyhome
[15:59:52] [main/INFO]: Registering Item Groups for cozyhome
[15:59:52] [main/INFO]: Registering Sounds for cozyhome
[15:59:52] [main/INFO]: Registering Mod Data Components for cozyhome
[15:59:52] [main/INFO]: Hello Fabric world from Fight or Flight!
[15:59:52] [main/ERROR]: No data fixer registered for fightorflight:tracing_bullet
[15:59:52] [main/ERROR]: No data fixer registered for fightorflight:arrow_projectile
[15:59:52] [main/ERROR]: No data fixer registered for fightorflight:bullet_projectile
[15:59:52] [main/ERROR]: No data fixer registered for fightorflight:spike_projectile
[15:59:52] [main/ERROR]: No data fixer registered for fightorflight:floating_spike_projectile
[15:59:52] [main/ERROR]: No data fixer registered for fightorflight:sticky_web
[15:59:52] [main/INFO]: Registering C2S receiver with id fightorflight:send_command
[15:59:52] [main/INFO]: Registering C2S receiver with id fightorflight:send_move_slot
[15:59:52] [main/ERROR]: No data fixer registered for handcrafted
[15:59:52] [main/INFO]: Huge Structure Blocks is now making your structure blocks even bigger!
[15:59:52] [main/INFO]: New structure size = 512
[15:59:52] [main/INFO]: Setting up file watchers
[15:59:52] [main/INFO]: [KONKRETE] Loading v1.9.9 in server-side mode on FABRIC!
[15:59:52] [main/INFO]: ---------------------------
[15:59:52] [main/INFO]: KONKRETE SHIPS AND USES THE FOLLOWING LIBRARIES:
[15:59:52] [main/INFO]:  
[15:59:52] [main/INFO]: Open Imaging Copyright © 2014 Dhyan Blum.
[15:59:52] [main/INFO]: Open Imaging is licensed under Apache-2.0.
[15:59:52] [main/INFO]:  
[15:59:52] [main/INFO]: JsonPath Copyright © 2017 Jayway.
[15:59:52] [main/INFO]: JsonPath is licensed under Apache-2.0.
[15:59:52] [main/INFO]:  
[15:59:52] [main/INFO]: Json-smart Copyright © netplex.
[15:59:52] [main/INFO]: Json-smart is licensed under Apache-2.0.
[15:59:52] [main/INFO]:  
[15:59:52] [main/INFO]: Exp4j Copyright © Frank Asseg.
[15:59:52] [main/INFO]: Exp4j is licensed under Apache-2.0. https://github.com/fasseg/exp4j
[15:59:52] [main/INFO]: ---------------------------
[15:59:52] [main/INFO]: [KONKRETE] Server-side modules initialized and ready to use!
[15:59:52] [main/INFO]: loadsupport is a client mod only!
[15:59:52] [main/INFO]: Registering Item Groups for lumymon
[15:59:52] [main/INFO]: Registering Mod Items for lumymon
[15:59:52] [main/INFO]: Registering Mod Blocks for lumymon
[15:59:52] [main/INFO]: Registering Villagers for lumymon
[15:59:52] [main/INFO]: Registering Block Entities for lumymon
[15:59:52] [main/INFO]: Registering Screen Handlers for lumymon
[15:59:52] [main/INFO]: Registering ModRecipes for lumymon
[15:59:52] [main/INFO]: Registering ModSounds for lumymon
[15:59:52] [main/INFO]: Registering SummonScheduler for lumymon
[15:59:52] [main/INFO]: LumyMon v0.4.7-2 - Made by LUMYVERSE
[15:59:52] [cobblemon Datafixer Bootstrap/INFO]: 2 Datafixer optimizations took 7 milliseconds
[15:59:52] [main/WARN]: [MELODY] Disabling Melody since it's loaded server-side.
[15:59:53] [main/INFO]: Registering ModBlocks for moarconcrete
[15:59:53] [main/INFO]: Loading Noisium.
[15:59:53] [main/INFO]: chyzman: No sound or Ender Dragon leakage. Although Ender Dragon sound leakage is still a thing
[15:59:53] [main/INFO]: Registering ItemGroups for pokeblocks
[15:59:53] [main/INFO]: Registering ModItems for pokeblocks
[15:59:53] [main/INFO]: Registering ModBlocks for pokeblocks
[15:59:53] [main/INFO]: Registering mod entities for pokeblocks
[15:59:53] [main/ERROR]: No data fixer registered for trainer
[15:59:53] [main/ERROR]: No data fixer registered for trainer_association
[15:59:53] [main/INFO]: Registering C2S receiver with id roughlyenoughitems:request_tags_c2s
[15:59:53] [main/INFO]: [REI] Registered plugin provider DefaultPlugin [roughlyenoughitems] for REIPlugin
[15:59:53] [main/INFO]: [REI] Registered plugin provider DefaultRuntimePlugin [roughlyenoughitems] for REIPlugin
[15:59:53] [main/INFO]: [REI] Registered plugin provider REIServerCompat [sophisticatedbackpacks] for REIPlugin
[15:59:53] [main/INFO]: [REI] Registered plugin provider REIServerCompat [sophisticatedcore] for REIPlugin
[15:59:53] [main/INFO]: [REI] Registered plugin provider REIServerCompat [sophisticatedstorage] for REIPlugin
[15:59:53] [main/INFO]: [REI] Registered plugin provider DefaultPlugin [roughlyenoughitems] for REIServerPlugin
[15:59:53] [main/INFO]: [REI] Registered plugin provider DefaultRuntimePlugin [roughlyenoughitems] for REIServerPlugin
[15:59:53] [main/INFO]: [REI] Registered plugin provider REIServerCompat [sophisticatedbackpacks] for REIServerPlugin
[15:59:53] [main/INFO]: [REI] Registered plugin provider REIServerCompat [sophisticatedcore] for REIServerPlugin
[15:59:53] [main/INFO]: [REI] Registered plugin provider REIServerCompat [sophisticatedstorage] for REIServerPlugin
[15:59:53] [main/INFO]: [REI] Registered plugin provider FabricFluidAPISupportPlugin for REIServerPlugin
[15:59:53] [main/INFO]: [REI] Registered plugin provider FabricFluidAPISupportPlugin for REIPlugin
[15:59:53] [main/INFO]: Registering C2S receiver with id roughlyenoughitems:delete_item
[15:59:53] [main/INFO]: Registering C2S receiver with id roughlyenoughitems:create_item
[15:59:53] [main/INFO]: Registering C2S receiver with id roughlyenoughitems:create_item_grab
[15:59:53] [main/INFO]: Registering C2S receiver with id roughlyenoughitems:create_item_hotbar
[15:59:53] [main/INFO]: Registering C2S receiver with id roughlyenoughitems:move_items
[15:59:53] [main/INFO]: Registering C2S receiver with id roughlyenoughitems:move_items_new
[15:59:53] [ToggleableConfigWatchService/INFO]: Registering config for libjf-config-core-v2
[15:59:53] [ToggleableConfigWatchService/INFO]: Created config watch service
[15:59:54] [main/ERROR]: No data fixer registered for 
[15:59:54] [main/INFO]: Environment: Environment[sessionHost=https://sessionserver.mojang.com, servicesHost=https://api.minecraftservices.com, name=PROD]
[15:59:57] [Worker-Main-3/ERROR]: Couldn't parse element minecraft:loot_table/rctmod:generic/unique/bottlecaps - Unknown registry key in ResourceKey[minecraft:root / minecraft:item]: obc:bottle_cap_speed; Unknown registry key in ResourceKey[minecraft:root / minecraft:item]: obc:bottle_cap_special_defence; Unknown registry key in ResourceKey[minecraft:root / minecraft:item]: obc:bottle_cap_special_attack; Unknown registry key in ResourceKey[minecraft:root / minecraft:item]: obc:bottle_cap_defence; Unknown registry key in ResourceKey[minecraft:root / minecraft:item]: obc:bottle_cap_attack; Unknown registry key in ResourceKey[minecraft:root / minecraft:item]: obc:bottle_cap_hp
[15:59:58] [Worker-Main-3/ERROR]: Couldn't parse element minecraft:loot_table/rctmod:trainers/single/sinnoh_champion_camilla - Unknown registry key in ResourceKey[minecraft:root / minecraft:item]: obc:bottle_cap_gold
[15:59:58] [Worker-Main-2/WARN]: Found loot table element validation problem in {minecraft:loot_table/rctmod:trainers/single/sinnoh_corrado}.pools[1].entries[0]: Unknown loot table called rctmod:generic/unique/bottlecaps
[15:59:58] [Worker-Main-2/INFO]: Loading config file lenientdeath.json5
[15:59:59] [Worker-Main-3/INFO]: [FOF] Preparing to read move data
[15:59:59] [Worker-Main-3/INFO]: [FOF] Preparing to read behavior data
[15:59:59] [main/ERROR]: Parsing error loading recipe obc:bottle_cap_normal/bottle_cap_hp
com.google.gson.JsonParseException: Unknown registry key in ResourceKey[minecraft:root / minecraft:item]: obc:bottle_cap_hp; Map entry 'S' : Failed to parse either. First: Not a JSON object: [{"item":"obc:bottle_cap"},{"item":"obc:bottle_cap_attack"},{"item":"obc:bottle_cap_defence"},{"item":"obc:bottle_cap_special_attack"},{"item":"obc:bottle_cap_special_defence"},{"item":"obc:bottle_cap_speed"}]; Second: Failed to parse either. First: No key tag in MapLike[{"item":"obc:bottle_cap_speed"}]; Unknown registry key in ResourceKey[minecraft:root / minecraft:item]: obc:bottle_cap_speed; No key tag in MapLike[{"item":"obc:bottle_cap_special_defence"}]; Unknown registry key in ResourceKey[minecraft:root / minecraft:item]: obc:bottle_cap_special_defence; No key tag in MapLike[{"item":"obc:bottle_cap_special_attack"}]; Unknown registry key in ResourceKey[minecraft:root / minecraft:item]: obc:bottle_cap_special_attack; No key tag in MapLike[{"item":"obc:bottle_cap_defence"}]; Unknown registry key in ResourceKey[minecraft:root / minecraft:item]: obc:bottle_cap_defence; No key tag in MapLike[{"item":"obc:bottle_cap_attack"}]; Unknown registry key in ResourceKey[minecraft:root / minecraft:item]: obc:bottle_cap_attack; No key tag in MapLike[{"item":"obc:bottle_cap"}]; Unknown registry key in ResourceKey[minecraft:root / minecraft:item]: obc:bottle_cap; Item array cannot be empty, at least one item must be defined; Second: Not a JSON object: [{"item":"obc:bottle_cap"},{"item":"obc:bottle_cap_attack"},{"item":"obc:bottle_cap_defence"},{"item":"obc:bottle_cap_special_attack"},{"item":"obc:bottle_cap_special_defence"},{"item":"obc:bottle_cap_speed"}]; Not a JSON object: [{"item":"obc:bottle_cap"},{"item":"obc:bottle_cap_attack"},{"item":"obc:bottle_cap_defence"},{"item":"obc:bottle_cap_special_attack"},{"item":"obc:bottle_cap_special_defence"},{"item":"obc:bottle_cap_speed"}]
	at knot/com.mojang.serialization.DataResult$Error.mda35436$owo$lambda$addStackTraceToException$0$0(DataResult.java:565) ~[datafixerupper-8.0.16.jar:?]
	at knot/com.mojang.serialization.DataResult$Error.getOrThrow(DataResult.java:287) ~[datafixerupper-8.0.16.jar:?]
	at knot/net.minecraft.class_1863.method_20705(class_1863.java:62) ~[server-intermediary.jar:?]
	at knot/net.minecraft.class_1863.method_18788(class_1863.java:35) ~[server-intermediary.jar:?]
	at knot/net.minecraft.class_4080.method_18790(class_4080.java:13) ~[server-intermediary.jar:?]
	at java.base/java.util.concurrent.CompletableFuture$UniAccept.tryFire(CompletableFuture.java:718) ~[?:?]
	at java.base/java.util.concurrent.CompletableFuture$Completion.run(CompletableFuture.java:482) ~[?:?]
	at knot/net.minecraft.class_4014.method_18365(class_4014.java:69) ~[server-intermediary.jar:?]
	at knot/net.minecraft.class_156.method_43498(class_156.java:1024) [server-intermediary.jar:?]
	at knot/net.minecraft.class_156.method_43499(class_156.java:1012) [server-intermediary.jar:?]
	at knot/net.minecraft.server.Main.main(Main.java:182) [server-intermediary.jar:?]
	at net.fabricmc.loader.impl.game.minecraft.MinecraftGameProvider.launch(MinecraftGameProvider.java:506) [fabric-loader-0.17.3.jar:?]
	at net.fabricmc.loader.impl.launch.knot.Knot.launch(Knot.java:72) [fabric-loader-0.17.3.jar:?]
	at net.fabricmc.loader.impl.launch.knot.KnotServer.main(KnotServer.java:23) [fabric-loader-0.17.3.jar:?]
	at net.fabricmc.loader.impl.launch.server.FabricServerLauncher.main(FabricServerLauncher.java:69) [fabric-loader-0.17.3.jar:?]
	at net.fabricmc.installer.ServerLauncher.main(ServerLauncher.java:69) [fabric-server-launch.jar:1.0.1]
[15:59:59] [main/ERROR]: Parsing error loading recipe obc:bottle_cap_normal/bottle_cap_attack
com.google.gson.JsonParseException: Unknown registry key in ResourceKey[minecraft:root / minecraft:item]: obc:bottle_cap_attack; Map entry 'S' : Failed to parse either. First: Not a JSON object: [{"item":"obc:bottle_cap"},{"item":"obc:bottle_cap_hp"},{"item":"obc:bottle_cap_defence"},{"item":"obc:bottle_cap_special_attack"},{"item":"obc:bottle_cap_special_defence"},{"item":"obc:bottle_cap_speed"}]; Second: Failed to parse either. First: No key tag in MapLike[{"item":"obc:bottle_cap_speed"}]; Unknown registry key in ResourceKey[minecraft:root / minecraft:item]: obc:bottle_cap_speed; No key tag in MapLike[{"item":"obc:bottle_cap_special_defence"}]; Unknown registry key in ResourceKey[minecraft:root / minecraft:item]: obc:bottle_cap_special_defence; No key tag in MapLike[{"item":"obc:bottle_cap_special_attack"}]; Unknown registry key in ResourceKey[minecraft:root / minecraft:item]: obc:bottle_cap_special_attack; No key tag in MapLike[{"item":"obc:bottle_cap_defence"}]; Unknown registry key in ResourceKey[minecraft:root / minecraft:item]: obc:bottle_cap_defence; No key tag in MapLike[{"item":"obc:bottle_cap_hp"}]; Unknown registry key in ResourceKey[minecraft:root / minecraft:item]: obc:bottle_cap_hp; No key tag in MapLike[{"item":"obc:bottle_cap"}]; Unknown registry key in ResourceKey[minecraft:root / minecraft:item]: obc:bottle_cap; Item array cannot be empty, at least one item must be defined; Second: Not a JSON object: [{"item":"obc:bottle_cap"},{"item":"obc:bottle_cap_hp"},{"item":"obc:bottle_cap_defence"},{"item":"obc:bottle_cap_special_attack"},{"item":"obc:bottle_cap_special_defence"},{"item":"obc:bottle_cap_speed"}]; Not a JSON object: [{"item":"obc:bottle_cap"},{"item":"obc:bottle_cap_hp"},{"item":"obc:bottle_cap_defence"},{"item":"obc:bottle_cap_special_attack"},{"item":"obc:bottle_cap_special_defence"},{"item":"obc:bottle_cap_speed"}]
	at knot/com.mojang.serialization.DataResult$Error.mda35436$owo$lambda$addStackTraceToException$0$0(DataResult.java:565) ~[datafixerupper-8.0.16.jar:?]
	at knot/com.mojang.serialization.DataResult$Error.getOrThrow(DataResult.java:287) ~[datafixerupper-8.0.16.jar:?]
	at knot/net.minecraft.class_1863.method_20705(class_1863.java:62) ~[server-intermediary.jar:?]
	at knot/net.minecraft.class_1863.method_18788(class_1863.java:35) ~[server-intermediary.jar:?]
	at knot/net.minecraft.class_4080.method_18790(class_4080.java:13) ~[server-intermediary.jar:?]
	at java.base/java.util.concurrent.CompletableFuture$UniAccept.tryFire(CompletableFuture.java:718) ~[?:?]
	at java.base/java.util.concurrent.CompletableFuture$Completion.run(CompletableFuture.java:482) ~[?:?]
	at knot/net.minecraft.class_4014.method_18365(class_4014.java:69) ~[server-intermediary.jar:?]
	at knot/net.minecraft.class_156.method_43498(class_156.java:1024) [server-intermediary.jar:?]
	at knot/net.minecraft.class_156.method_43499(class_156.java:1012) [server-intermediary.jar:?]
	at knot/net.minecraft.server.Main.main(Main.java:182) [server-intermediary.jar:?]
	at net.fabricmc.loader.impl.game.minecraft.MinecraftGameProvider.launch(MinecraftGameProvider.java:506) [fabric-loader-0.17.3.jar:?]
	at net.fabricmc.loader.impl.launch.knot.Knot.launch(Knot.java:72) [fabric-loader-0.17.3.jar:?]
	at net.fabricmc.loader.impl.launch.knot.KnotServer.main(KnotServer.java:23) [fabric-loader-0.17.3.jar:?]
	at net.fabricmc.loader.impl.launch.server.FabricServerLauncher.main(FabricServerLauncher.java:69) [fabric-loader-0.17.3.jar:?]
	at net.fabricmc.installer.ServerLauncher.main(ServerLauncher.java:69) [fabric-server-launch.jar:1.0.1]
[15:59:59] [main/ERROR]: Parsing error loading recipe obc:bottle_cap_normal/bottle_cap_speed
com.google.gson.JsonParseException: Unknown registry key in ResourceKey[minecraft:root / minecraft:item]: obc:bottle_cap_speed; Map entry 'S' : Failed to parse either. First: Not a JSON object: [{"item":"obc:bottle_cap"},{"item":"obc:bottle_cap_hp"},{"item":"obc:bottle_cap_attack"},{"item":"obc:bottle_cap_defence"},{"item":"obc:bottle_cap_special_attack"},{"item":"obc:bottle_cap_special_defence"}]; Second: Failed to parse either. First: No key tag in MapLike[{"item":"obc:bottle_cap_special_defence"}]; Unknown registry key in ResourceKey[minecraft:root / minecraft:item]: obc:bottle_cap_special_defence; No key tag in MapLike[{"item":"obc:bottle_cap_special_attack"}]; Unknown registry key in ResourceKey[minecraft:root / minecraft:item]: obc:bottle_cap_special_attack; No key tag in MapLike[{"item":"obc:bottle_cap_defence"}]; Unknown registry key in ResourceKey[minecraft:root / minecraft:item]: obc:bottle_cap_defence; No key tag in MapLike[{"item":"obc:bottle_cap_attack"}]; Unknown registry key in ResourceKey[minecraft:root / minecraft:item]: obc:bottle_cap_attack; No key tag in MapLike[{"item":"obc:bottle_cap_hp"}]; Unknown registry key in ResourceKey[minecraft:root / minecraft:item]: obc:bottle_cap_hp; No key tag in MapLike[{"item":"obc:bottle_cap"}]; Unknown registry key in ResourceKey[minecraft:root / minecraft:item]: obc:bottle_cap; Item array cannot be empty, at least one item must be defined; Second: Not a JSON object: [{"item":"obc:bottle_cap"},{"item":"obc:bottle_cap_hp"},{"item":"obc:bottle_cap_attack"},{"item":"obc:bottle_cap_defence"},{"item":"obc:bottle_cap_special_attack"},{"item":"obc:bottle_cap_special_defence"}]; Not a JSON object: [{"item":"obc:bottle_cap"},{"item":"obc:bottle_cap_hp"},{"item":"obc:bottle_cap_attack"},{"item":"obc:bottle_cap_defence"},{"item":"obc:bottle_cap_special_attack"},{"item":"obc:bottle_cap_special_defence"}]
	at knot/com.mojang.serialization.DataResult$Error.mda35436$owo$lambda$addStackTraceToException$0$0(DataResult.java:565) ~[datafixerupper-8.0.16.jar:?]
	at knot/com.mojang.serialization.DataResult$Error.getOrThrow(DataResult.java:287) ~[datafixerupper-8.0.16.jar:?]
	at knot/net.minecraft.class_1863.method_20705(class_1863.java:62) ~[server-intermediary.jar:?]
	at knot/net.minecraft.class_1863.method_18788(class_1863.java:35) ~[server-intermediary.jar:?]
	at knot/net.minecraft.class_4080.method_18790(class_4080.java:13) ~[server-intermediary.jar:?]
	at java.base/java.util.concurrent.CompletableFuture$UniAccept.tryFire(CompletableFuture.java:718) ~[?:?]
	at java.base/java.util.concurrent.CompletableFuture$Completion.run(CompletableFuture.java:482) ~[?:?]
	at knot/net.minecraft.class_4014.method_18365(class_4014.java:69) ~[server-intermediary.jar:?]
	at knot/net.minecraft.class_156.method_43498(class_156.java:1024) [server-intermediary.jar:?]
	at knot/net.minecraft.class_156.method_43499(class_156.java:1012) [server-intermediary.jar:?]
	at knot/net.minecraft.server.Main.main(Main.java:182) [server-intermediary.jar:?]
	at net.fabricmc.loader.impl.game.minecraft.MinecraftGameProvider.launch(MinecraftGameProvider.java:506) [fabric-loader-0.17.3.jar:?]
	at net.fabricmc.loader.impl.launch.knot.Knot.launch(Knot.java:72) [fabric-loader-0.17.3.jar:?]
	at net.fabricmc.loader.impl.launch.knot.KnotServer.main(KnotServer.java:23) [fabric-loader-0.17.3.jar:?]
	at net.fabricmc.loader.impl.launch.server.FabricServerLauncher.main(FabricServerLauncher.java:69) [fabric-loader-0.17.3.jar:?]
	at net.fabricmc.installer.ServerLauncher.main(ServerLauncher.java:69) [fabric-server-launch.jar:1.0.1]
[15:59:59] [main/ERROR]: Parsing error loading recipe obc:bottle_cap_normal/bottle_cap_defence
com.google.gson.JsonParseException: Unknown registry key in ResourceKey[minecraft:root / minecraft:item]: obc:bottle_cap_defence; Map entry 'S' : Failed to parse either. First: Not a JSON object: [{"item":"obc:bottle_cap"},{"item":"obc:bottle_cap_hp"},{"item":"obc:bottle_cap_attack"},{"item":"obc:bottle_cap_special_attack"},{"item":"obc:bottle_cap_special_defence"},{"item":"obc:bottle_cap_speed"}]; Second: Failed to parse either. First: No key tag in MapLike[{"item":"obc:bottle_cap_speed"}]; Unknown registry key in ResourceKey[minecraft:root / minecraft:item]: obc:bottle_cap_speed; No key tag in MapLike[{"item":"obc:bottle_cap_special_defence"}]; Unknown registry key in ResourceKey[minecraft:root / minecraft:item]: obc:bottle_cap_special_defence; No key tag in MapLike[{"item":"obc:bottle_cap_special_attack"}]; Unknown registry key in ResourceKey[minecraft:root / minecraft:item]: obc:bottle_cap_special_attack; No key tag in MapLike[{"item":"obc:bottle_cap_attack"}]; Unknown registry key in ResourceKey[minecraft:root / minecraft:item]: obc:bottle_cap_attack; No key tag in MapLike[{"item":"obc:bottle_cap_hp"}]; Unknown registry key in ResourceKey[minecraft:root / minecraft:item]: obc:bottle_cap_hp; No key tag in MapLike[{"item":"obc:bottle_cap"}]; Unknown registry key in ResourceKey[minecraft:root / minecraft:item]: obc:bottle_cap; Item array cannot be empty, at least one item must be defined; Second: Not a JSON object: [{"item":"obc:bottle_cap"},{"item":"obc:bottle_cap_hp"},{"item":"obc:bottle_cap_attack"},{"item":"obc:bottle_cap_special_attack"},{"item":"obc:bottle_cap_special_defence"},{"item":"obc:bottle_cap_speed"}]; Not a JSON object: [{"item":"obc:bottle_cap"},{"item":"obc:bottle_cap_hp"},{"item":"obc:bottle_cap_attack"},{"item":"obc:bottle_cap_special_attack"},{"item":"obc:bottle_cap_special_defence"},{"item":"obc:bottle_cap_speed"}]
	at knot/com.mojang.serialization.DataResult$Error.mda35436$owo$lambda$addStackTraceToException$0$0(DataResult.java:565) ~[datafixerupper-8.0.16.jar:?]
	at knot/com.mojang.serialization.DataResult$Error.getOrThrow(DataResult.java:287) ~[datafixerupper-8.0.16.jar:?]
	at knot/net.minecraft.class_1863.method_20705(class_1863.java:62) ~[server-intermediary.jar:?]
	at knot/net.minecraft.class_1863.method_18788(class_1863.java:35) ~[server-intermediary.jar:?]
	at knot/net.minecraft.class_4080.method_18790(class_4080.java:13) ~[server-intermediary.jar:?]
	at java.base/java.util.concurrent.CompletableFuture$UniAccept.tryFire(CompletableFuture.java:718) ~[?:?]
	at java.base/java.util.concurrent.CompletableFuture$Completion.run(CompletableFuture.java:482) ~[?:?]
	at knot/net.minecraft.class_4014.method_18365(class_4014.java:69) ~[server-intermediary.jar:?]
	at knot/net.minecraft.class_156.method_43498(class_156.java:1024) [server-intermediary.jar:?]
	at knot/net.minecraft.class_156.method_43499(class_156.java:1012) [server-intermediary.jar:?]
	at knot/net.minecraft.server.Main.main(Main.java:182) [server-intermediary.jar:?]
	at net.fabricmc.loader.impl.game.minecraft.MinecraftGameProvider.launch(MinecraftGameProvider.java:506) [fabric-loader-0.17.3.jar:?]
	at net.fabricmc.loader.impl.launch.knot.Knot.launch(Knot.java:72) [fabric-loader-0.17.3.jar:?]
	at net.fabricmc.loader.impl.launch.knot.KnotServer.main(KnotServer.java:23) [fabric-loader-0.17.3.jar:?]
	at net.fabricmc.loader.impl.launch.server.FabricServerLauncher.main(FabricServerLauncher.java:69) [fabric-loader-0.17.3.jar:?]
	at net.fabricmc.installer.ServerLauncher.main(ServerLauncher.java:69) [fabric-server-launch.jar:1.0.1]
[15:59:59] [main/ERROR]: Parsing error loading recipe obc:bottle_cap_normal/bottle_cap_special_defence
com.google.gson.JsonParseException: Unknown registry key in ResourceKey[minecraft:root / minecraft:item]: obc:bottle_cap_special_defence; Map entry 'S' : Failed to parse either. First: Not a JSON object: [{"item":"obc:bottle_cap"},{"item":"obc:bottle_cap_hp"},{"item":"obc:bottle_cap_attack"},{"item":"obc:bottle_cap_defence"},{"item":"obc:bottle_cap_special_attack"},{"item":"obc:bottle_cap_speed"}]; Second: Failed to parse either. First: No key tag in MapLike[{"item":"obc:bottle_cap_speed"}]; Unknown registry key in ResourceKey[minecraft:root / minecraft:item]: obc:bottle_cap_speed; No key tag in MapLike[{"item":"obc:bottle_cap_special_attack"}]; Unknown registry key in ResourceKey[minecraft:root / minecraft:item]: obc:bottle_cap_special_attack; No key tag in MapLike[{"item":"obc:bottle_cap_defence"}]; Unknown registry key in ResourceKey[minecraft:root / minecraft:item]: obc:bottle_cap_defence; No key tag in MapLike[{"item":"obc:bottle_cap_attack"}]; Unknown registry key in ResourceKey[minecraft:root / minecraft:item]: obc:bottle_cap_attack; No key tag in MapLike[{"item":"obc:bottle_cap_hp"}]; Unknown registry key in ResourceKey[minecraft:root / minecraft:item]: obc:bottle_cap_hp; No key tag in MapLike[{"item":"obc:bottle_cap"}]; Unknown registry key in ResourceKey[minecraft:root / minecraft:item]: obc:bottle_cap; Item array cannot be empty, at least one item must be defined; Second: Not a JSON object: [{"item":"obc:bottle_cap"},{"item":"obc:bottle_cap_hp"},{"item":"obc:bottle_cap_attack"},{"item":"obc:bottle_cap_defence"},{"item":"obc:bottle_cap_special_attack"},{"item":"obc:bottle_cap_speed"}]; Not a JSON object: [{"item":"obc:bottle_cap"},{"item":"obc:bottle_cap_hp"},{"item":"obc:bottle_cap_attack"},{"item":"obc:bottle_cap_defence"},{"item":"obc:bottle_cap_special_attack"},{"item":"obc:bottle_cap_speed"}]
	at knot/com.mojang.serialization.DataResult$Error.mda35436$owo$lambda$addStackTraceToException$0$0(DataResult.java:565) ~[datafixerupper-8.0.16.jar:?]
	at knot/com.mojang.serialization.DataResult$Error.getOrThrow(DataResult.java:287) ~[datafixerupper-8.0.16.jar:?]
	at knot/net.minecraft.class_1863.method_20705(class_1863.java:62) ~[server-intermediary.jar:?]
	at knot/net.minecraft.class_1863.method_18788(class_1863.java:35) ~[server-intermediary.jar:?]
	at knot/net.minecraft.class_4080.method_18790(class_4080.java:13) ~[server-intermediary.jar:?]
	at java.base/java.util.concurrent.CompletableFuture$UniAccept.tryFire(CompletableFuture.java:718) ~[?:?]
	at java.base/java.util.concurrent.CompletableFuture$Completion.run(CompletableFuture.java:482) ~[?:?]
	at knot/net.minecraft.class_4014.method_18365(class_4014.java:69) ~[server-intermediary.jar:?]
	at knot/net.minecraft.class_156.method_43498(class_156.java:1024) [server-intermediary.jar:?]
	at knot/net.minecraft.class_156.method_43499(class_156.java:1012) [server-intermediary.jar:?]
	at knot/net.minecraft.server.Main.main(Main.java:182) [server-intermediary.jar:?]
	at net.fabricmc.loader.impl.game.minecraft.MinecraftGameProvider.launch(MinecraftGameProvider.java:506) [fabric-loader-0.17.3.jar:?]
	at net.fabricmc.loader.impl.launch.knot.Knot.launch(Knot.java:72) [fabric-loader-0.17.3.jar:?]
	at net.fabricmc.loader.impl.launch.knot.KnotServer.main(KnotServer.java:23) [fabric-loader-0.17.3.jar:?]
	at net.fabricmc.loader.impl.launch.server.FabricServerLauncher.main(FabricServerLauncher.java:69) [fabric-loader-0.17.3.jar:?]
	at net.fabricmc.installer.ServerLauncher.main(ServerLauncher.java:69) [fabric-server-launch.jar:1.0.1]
[15:59:59] [main/ERROR]: Parsing error loading recipe obc:bottle_cap_normal/bottle_cap_special_attack
com.google.gson.JsonParseException: Unknown registry key in ResourceKey[minecraft:root / minecraft:item]: obc:bottle_cap_special_attack; Map entry 'S' : Failed to parse either. First: Not a JSON object: [{"item":"obc:bottle_cap"},{"item":"obc:bottle_cap_hp"},{"item":"obc:bottle_cap_attack"},{"item":"obc:bottle_cap_defence"},{"item":"obc:bottle_cap_special_defence"},{"item":"obc:bottle_cap_speed"}]; Second: Failed to parse either. First: No key tag in MapLike[{"item":"obc:bottle_cap_speed"}]; Unknown registry key in ResourceKey[minecraft:root / minecraft:item]: obc:bottle_cap_speed; No key tag in MapLike[{"item":"obc:bottle_cap_special_defence"}]; Unknown registry key in ResourceKey[minecraft:root / minecraft:item]: obc:bottle_cap_special_defence; No key tag in MapLike[{"item":"obc:bottle_cap_defence"}]; Unknown registry key in ResourceKey[minecraft:root / minecraft:item]: obc:bottle_cap_defence; No key tag in MapLike[{"item":"obc:bottle_cap_attack"}]; Unknown registry key in ResourceKey[minecraft:root / minecraft:item]: obc:bottle_cap_attack; No key tag in MapLike[{"item":"obc:bottle_cap_hp"}]; Unknown registry key in ResourceKey[minecraft:root / minecraft:item]: obc:bottle_cap_hp; No key tag in MapLike[{"item":"obc:bottle_cap"}]; Unknown registry key in ResourceKey[minecraft:root / minecraft:item]: obc:bottle_cap; Item array cannot be empty, at least one item must be defined; Second: Not a JSON object: [{"item":"obc:bottle_cap"},{"item":"obc:bottle_cap_hp"},{"item":"obc:bottle_cap_attack"},{"item":"obc:bottle_cap_defence"},{"item":"obc:bottle_cap_special_defence"},{"item":"obc:bottle_cap_speed"}]; Not a JSON object: [{"item":"obc:bottle_cap"},{"item":"obc:bottle_cap_hp"},{"item":"obc:bottle_cap_attack"},{"item":"obc:bottle_cap_defence"},{"item":"obc:bottle_cap_special_defence"},{"item":"obc:bottle_cap_speed"}]
	at knot/com.mojang.serialization.DataResult$Error.mda35436$owo$lambda$addStackTraceToException$0$0(DataResult.java:565) ~[datafixerupper-8.0.16.jar:?]
	at knot/com.mojang.serialization.DataResult$Error.getOrThrow(DataResult.java:287) ~[datafixerupper-8.0.16.jar:?]
	at knot/net.minecraft.class_1863.method_20705(class_1863.java:62) ~[server-intermediary.jar:?]
	at knot/net.minecraft.class_1863.method_18788(class_1863.java:35) ~[server-intermediary.jar:?]
	at knot/net.minecraft.class_4080.method_18790(class_4080.java:13) ~[server-intermediary.jar:?]
	at java.base/java.util.concurrent.CompletableFuture$UniAccept.tryFire(CompletableFuture.java:718) ~[?:?]
	at java.base/java.util.concurrent.CompletableFuture$Completion.run(CompletableFuture.java:482) ~[?:?]
	at knot/net.minecraft.class_4014.method_18365(class_4014.java:69) ~[server-intermediary.jar:?]
	at knot/net.minecraft.class_156.method_43498(class_156.java:1024) [server-intermediary.jar:?]
	at knot/net.minecraft.class_156.method_43499(class_156.java:1012) [server-intermediary.jar:?]
	at knot/net.minecraft.server.Main.main(Main.java:182) [server-intermediary.jar:?]
	at net.fabricmc.loader.impl.game.minecraft.MinecraftGameProvider.launch(MinecraftGameProvider.java:506) [fabric-loader-0.17.3.jar:?]
	at net.fabricmc.loader.impl.launch.knot.Knot.launch(Knot.java:72) [fabric-loader-0.17.3.jar:?]
	at net.fabricmc.loader.impl.launch.knot.KnotServer.main(KnotServer.java:23) [fabric-loader-0.17.3.jar:?]
	at net.fabricmc.loader.impl.launch.server.FabricServerLauncher.main(FabricServerLauncher.java:69) [fabric-loader-0.17.3.jar:?]
	at net.fabricmc.installer.ServerLauncher.main(ServerLauncher.java:69) [fabric-server-launch.jar:1.0.1]
[15:59:59] [main/INFO]: Loaded 4735 recipes
[16:00:00] [main/INFO]: Loaded 4397 advancements
[16:00:00] [main/INFO]: Loaded 5 server scripts and 1 client scripts
[16:00:03] [main/INFO]: Loaded 936 moves
[16:00:03] [main/INFO]: Loaded 317 abilities
[16:00:04] [main/ERROR]: Unable to load entry from learnset: "legacy:attract"
[16:00:04] [main/ERROR]: Unable to load entry from learnset: "legacy:confide"
[16:00:04] [main/ERROR]: Unable to load entry from learnset: "legacy:frustration"
[16:00:04] [main/ERROR]: Unable to load entry from learnset: "legacy:hiddenpower"
[16:00:04] [main/ERROR]: Unable to load entry from learnset: "legacy:return"
[16:00:04] [main/ERROR]: Unable to load entry from learnset: "legacy:round"
[16:00:04] [main/ERROR]: Unable to load entry from learnset: "legacy:snore"
[16:00:04] [main/ERROR]: Unable to load entry from learnset: "legacy:swagger"
[16:00:04] [main/ERROR]: Unable to load entry from learnset: "legacy:toxic"
[16:00:04] [main/ERROR]: Unable to load entry from learnset: "legacy:attract"
[16:00:04] [main/ERROR]: Unable to load entry from learnset: "legacy:confide"
[16:00:04] [main/ERROR]: Unable to load entry from learnset: "legacy:frustration"
[16:00:04] [main/ERROR]: Unable to load entry from learnset: "legacy:hiddenpower"
[16:00:04] [main/ERROR]: Unable to load entry from learnset: "legacy:return"
[16:00:04] [main/ERROR]: Unable to load entry from learnset: "legacy:round"
[16:00:04] [main/ERROR]: Unable to load entry from learnset: "legacy:snore"
[16:00:04] [main/ERROR]: Unable to load entry from learnset: "legacy:swagger"
[16:00:04] [main/ERROR]: Unable to load entry from learnset: "legacy:toxic"
[16:00:04] [main/ERROR]: Unable to load entry from learnset: "legacy:uproar"
[16:00:04] [main/ERROR]: Unable to load entry from learnset: "legacy:attract"
[16:00:04] [main/ERROR]: Unable to load entry from learnset: "legacy:confide"
[16:00:04] [main/ERROR]: Unable to load entry from learnset: "legacy:frustration"
[16:00:04] [main/ERROR]: Unable to load entry from learnset: "legacy:hiddenpower"
[16:00:04] [main/ERROR]: Unable to load entry from learnset: "legacy:return"
[16:00:04] [main/ERROR]: Unable to load entry from learnset: "legacy:round"
[16:00:04] [main/ERROR]: Unable to load entry from learnset: "legacy:snore"
[16:00:04] [main/ERROR]: Unable to load entry from learnset: "legacy:swagger"
[16:00:04] [main/ERROR]: Unable to load entry from learnset: "legacy:toxic"
[16:00:04] [main/INFO]: Finished additions
[16:00:05] [main/INFO]: Imported 259 held item IDs from showdown
[16:00:05] [main/INFO]: Loaded 1038 Pokémon species
[16:00:05] [main/INFO]: Loaded 25 spawn detail presets.
[16:00:05] [main/INFO]: Starting dummy Showdown battle to force it to pre-load data.
[16:00:06] [main/INFO]: Loaded 18 fossils
[16:00:06] [main/ERROR]: Invalid path in mod resource-pack cobblemon: cobblemon:dex_entry_additions/README.md, ignoring
[16:00:06] [main/ERROR]: Invalid path in mod resource-pack cobblemon: cobblemon:dex_additions/README.md, ignoring
[16:00:06] [main/INFO]: Loaded 1 flows and 0 client flows
[16:00:06] [main/ERROR]: Unknown preset name: village.
[16:00:06] [main/ERROR]: Unknown preset name: village.
[16:00:06] [main/ERROR]: Unknown preset name: flowers.
[16:00:06] [main/ERROR]: Unknown preset name: flowers.
[16:00:06] [main/ERROR]: Unknown preset name: underwater.
[16:00:06] [main/ERROR]: Unknown preset name: underwater.
[16:00:06] [main/ERROR]: Unknown preset name: underground.
[16:00:06] [main/ERROR]: Unknown preset name: underground.
[16:00:06] [main/ERROR]: Unknown preset name: underground.
[16:00:06] [main/ERROR]: Unknown preset name: underground.
[16:00:06] [main/ERROR]: Unknown preset name: flowers.
[16:00:06] [main/ERROR]: Unknown preset name: underground.
[16:00:06] [main/ERROR]: Unknown preset name: ruins.
[16:00:06] [main/ERROR]: Unknown preset name: underwater.
[16:00:06] [main/ERROR]: Unknown preset name: underwater.
[16:00:06] [main/ERROR]: Unknown preset name: underwater.
[16:00:06] [main/ERROR]: Unknown preset name: underwater.
[16:00:06] [main/ERROR]: Unknown preset name: underwater.
[16:00:06] [main/ERROR]: Unknown preset name: underwater.
[16:00:06] [main/ERROR]: Unknown preset name: water_surface.
[16:00:07] [main/ERROR]: Unknown preset name: water_surface.
[16:00:07] [main/ERROR]: Unknown preset name: water_surface.
[16:00:07] [main/ERROR]: Unknown preset name: underwater.
[16:00:07] [main/ERROR]: Unknown preset name: underwater.
[16:00:07] [main/ERROR]: Unknown preset name: village.
[16:00:07] [main/ERROR]: Unknown preset name: underground.
[16:00:07] [main/ERROR]: Unknown preset name: ruins.
[16:00:07] [main/INFO]: Loaded 69 berries
[16:00:07] [main/INFO]: Loaded 17 biome platforms
[16:00:07] [main/INFO]: Loaded 237 Pokémon species with ride details
[16:00:07] [main/INFO]: Loading configuration
[16:00:07] [main/INFO]: [FOF] 72 move data files processed.
[16:00:07] [main/INFO]: [FOF] 0 behavior data files processed.
[16:00:07] [main/INFO]: [REI] OOOOOOOOOOOOOOOOOOOOOOOOOOOOOOOOOOOOOOOO
[16:00:07] [main/INFO]: [REI] REIPlugin starting main-reload for START.
[16:00:07] [main/INFO]: [REI] Plugins (6):
[16:00:07] [main/INFO]: [REI]  - (-100.00) DefaultPlugin of DefaultPlugin [roughlyenoughitems]
[16:00:07] [main/INFO]: [REI]  - (0.00) FabricFluidAPISupportPlugin
[16:00:07] [main/INFO]: [REI]  - (0.00) REIServerCompat of REIServerCompat [sophisticatedstorage]
[16:00:07] [main/INFO]: [REI]  - (0.00) REIServerCompat of REIServerCompat [sophisticatedcore]
[16:00:07] [main/INFO]: [REI]  - (0.00) REIServerCompat of REIServerCompat [sophisticatedbackpacks]
[16:00:07] [main/INFO]: [REI]  - (0.00) DefaultRuntimePlugin of DefaultRuntimePlugin [roughlyenoughitems]
[16:00:07] [main/INFO]: [REI] OOOOOOOOOOOOOOOOOOOOOOOOOOOOOOOOOOOOOOOO
[16:00:07] [main/INFO]: [REI] ========================================
[16:00:07] [main/INFO]: [REI] REIServerPlugin starting main-reload for START.
[16:00:07] [main/INFO]: [REI] Plugins (6):
[16:00:07] [main/INFO]: [REI]  - (-100.00) DefaultPlugin of DefaultPlugin [roughlyenoughitems]
[16:00:07] [main/INFO]: [REI]  - (0.00) FabricFluidAPISupportPlugin
[16:00:07] [main/INFO]: [REI]  - (0.00) REIServerCompat of REIServerCompat [sophisticatedstorage]
[16:00:07] [main/INFO]: [REI]  - (0.00) REIServerCompat of REIServerCompat [sophisticatedcore]
[16:00:07] [main/INFO]: [REI]  - (0.00) REIServerCompat of REIServerCompat [sophisticatedbackpacks]
[16:00:07] [main/INFO]: [REI]  - (0.00) DefaultRuntimePlugin of DefaultRuntimePlugin [roughlyenoughitems]
[16:00:07] [main/INFO]: [REI] ========================================
[16:00:07] [main/INFO]: [REI] REIPlugin finished post-reload for START in 1.497 ms, totaling 34.04 ms.
[16:00:07] [main/INFO]: [REI] REIServerPlugin finished post-reload for START in 1.093 ms, totaling 4.947 ms.
[16:00:07] [main/INFO]: [REI] ----------------------------------------
[16:00:07] [main/INFO]: [REI] REIPlugin starting main-reload for END.
[16:00:07] [main/INFO]: [REI] Plugins (6):
[16:00:07] [main/INFO]: [REI]  - (-100.00) DefaultPlugin of DefaultPlugin [roughlyenoughitems]
[16:00:07] [main/INFO]: [REI]  - (0.00) FabricFluidAPISupportPlugin
[16:00:07] [main/INFO]: [REI]  - (0.00) REIServerCompat of REIServerCompat [sophisticatedstorage]
[16:00:07] [main/INFO]: [REI]  - (0.00) REIServerCompat of REIServerCompat [sophisticatedcore]
[16:00:07] [main/INFO]: [REI]  - (0.00) REIServerCompat of REIServerCompat [sophisticatedbackpacks]
[16:00:07] [main/INFO]: [REI]  - (0.00) DefaultRuntimePlugin of DefaultRuntimePlugin [roughlyenoughitems]
[16:00:07] [main/INFO]: [REI] ----------------------------------------
[16:00:07] [main/INFO]: [REI] ****************************************
[16:00:07] [main/INFO]: [REI] REIServerPlugin starting main-reload for END.
[16:00:07] [main/INFO]: [REI] Plugins (6):
[16:00:07] [main/INFO]: [REI]  - (-100.00) DefaultPlugin of DefaultPlugin [roughlyenoughitems]
[16:00:07] [main/INFO]: [REI]  - (0.00) FabricFluidAPISupportPlugin
[16:00:07] [main/INFO]: [REI]  - (0.00) REIServerCompat of REIServerCompat [sophisticatedstorage]
[16:00:07] [main/INFO]: [REI]  - (0.00) REIServerCompat of REIServerCompat [sophisticatedcore]
[16:00:07] [main/INFO]: [REI]  - (0.00) REIServerCompat of REIServerCompat [sophisticatedbackpacks]
[16:00:07] [main/INFO]: [REI]  - (0.00) DefaultRuntimePlugin of DefaultRuntimePlugin [roughlyenoughitems]
[16:00:07] [main/INFO]: [REI] ****************************************
[16:00:07] [main/INFO]: [REI] REIPlugin finished post-reload for END in 893.1 μs, totaling 29.15 ms.
[16:00:07] [main/INFO]: [REI] REIServerPlugin finished post-reload for END in 617.8 μs, totaling 6.971 ms.
[16:00:07] [ForkJoinPool.commonPool-worker-1/INFO]: Loaded 48 translation keys
[16:00:07] [main/INFO]: Loaded 1 trades
[16:00:07] [main/WARN]: [BiomeReplacer] Config issue on line 12: Biome 'terralith:alpha_islands' does not exist, ignoring rule
[16:00:07] [main/WARN]: [BiomeReplacer] Config issue on line 13: Biome 'terralith:alpha_islands_winter' does not exist, ignoring rule
[16:00:07] [main/WARN]: [BiomeReplacer] Config issue on line 14: Biome 'terralith:basalt_cliffs' does not exist, ignoring rule
[16:00:07] [main/WARN]: [BiomeReplacer] Config issue on line 15: Biome 'terralith:cave/infested_caves' does not exist, ignoring rule
[16:00:07] [main/WARN]: [BiomeReplacer] Config issue on line 16: Biome 'terralith:cave/mantle_caves' does not exist, ignoring rule
[16:00:07] [main/WARN]: [BiomeReplacer] Config issue on line 17: Biome 'terralith:cave/thermal_caves' does not exist, ignoring rule
[16:00:07] [main/WARN]: [BiomeReplacer] Config issue on line 18: Biome 'terralith:cave/tuff_caves' does not exist, ignoring rule
[16:00:07] [main/WARN]: [BiomeReplacer] Config issue on line 19: Biome 'terralith:cold_shrubland' does not exist, ignoring rule
[16:00:07] [main/WARN]: [BiomeReplacer] Config issue on line 20: Biome 'terralith:desert_spires' does not exist, ignoring rule
[16:00:07] [main/WARN]: [BiomeReplacer] Config issue on line 21: Biome 'terralith:emerald_peaks' does not exist, ignoring rule
[16:00:07] [main/WARN]: [BiomeReplacer] Config issue on line 22: Biome 'terralith:fractured_savanna' does not exist, ignoring rule
[16:00:07] [main/WARN]: [BiomeReplacer] Config issue on line 23: Biome 'terralith:frozen_cliffs' does not exist, ignoring rule
[16:00:07] [main/WARN]: [BiomeReplacer] Config issue on line 24: Biome 'terralith:granite_cliffs' does not exist, ignoring rule
[16:00:07] [main/WARN]: [BiomeReplacer] Config issue on line 25: Biome 'terralith:gravel_desert' does not exist, ignoring rule
[16:00:07] [main/WARN]: [BiomeReplacer] Config issue on line 26: Biome 'terralith:haze_mountain' does not exist, ignoring rule
[16:00:07] [main/WARN]: [BiomeReplacer] Config issue on line 27: Biome 'terralith:highlands' does not exist, ignoring rule
[16:00:07] [main/WARN]: [BiomeReplacer] Config issue on line 28: Biome 'terralith:hot_shrubland' does not exist, ignoring rule
[16:00:07] [main/WARN]: [BiomeReplacer] Config issue on line 29: Biome 'terralith:jungle_mountains' does not exist, ignoring rule
[16:00:07] [main/WARN]: [BiomeReplacer] Config issue on line 30: Biome 'terralith:painted_mountains' does not exist, ignoring rule
[16:00:07] [main/WARN]: [BiomeReplacer] Config issue on line 31: Biome 'terralith:rocky_shrubland' does not exist, ignoring rule
[16:00:07] [main/WARN]: [BiomeReplacer] Config issue on line 32: Biome 'terralith:savanna_badlands' does not exist, ignoring rule
[16:00:07] [main/WARN]: [BiomeReplacer] Config issue on line 33: Biome 'terralith:scarlet_mountains' does not exist, ignoring rule
[16:00:07] [main/WARN]: [BiomeReplacer] Config issue on line 34: Biome 'terralith:shield_clearing' does not exist, ignoring rule
[16:00:07] [main/WARN]: [BiomeReplacer] Config issue on line 35: Biome 'terralith:skylands_autumn' does not exist, ignoring rule
[16:00:07] [main/WARN]: [BiomeReplacer] Config issue on line 36: Biome 'terralith:skylands_spring' does not exist, ignoring rule
[16:00:07] [main/WARN]: [BiomeReplacer] Config issue on line 37: Biome 'terralith:skylands_summer' does not exist, ignoring rule
[16:00:07] [main/WARN]: [BiomeReplacer] Config issue on line 38: Biome 'terralith:skylands_winter' does not exist, ignoring rule
[16:00:07] [main/WARN]: [BiomeReplacer] Config issue on line 39: Biome 'terralith:snowy_maple_forest' does not exist, ignoring rule
[16:00:07] [main/WARN]: [BiomeReplacer] Config issue on line 40: Biome 'terralith:stony_spires' does not exist, ignoring rule
[16:00:07] [main/WARN]: [BiomeReplacer] Config issue on line 41: Biome 'terralith:tropical_jungle' does not exist, ignoring rule
[16:00:07] [main/WARN]: [BiomeReplacer] Config issue on line 42: Biome 'terralith:warped_mesa' does not exist, ignoring rule
[16:00:07] [main/WARN]: [BiomeReplacer] Config issue on line 43: Biome 'terralith:white_mesa' does not exist, ignoring rule
[16:00:07] [main/WARN]: [BiomeReplacer] Config issue on line 44: Biome 'terralith:windswept_spires' does not exist, ignoring rule
[16:00:07] [main/WARN]: [BiomeReplacer] Config issue on line 45: Biome 'terralith:wintry_lowlands' does not exist, ignoring rule
[16:00:07] [main/WARN]: [BiomeReplacer] Config issue on line 46: Biome 'terralith:yellowstone' does not exist, ignoring rule
[16:00:07] [main/INFO]: [BiomeReplacer] Loaded 0 rules (0 direct, 0 tag-based) and ignored 35
[16:00:07] [main/INFO]: [BiomeReplacer] No rules found, not replacing anything
[16:00:07] [main/WARN]: Initial datapack load took 11.80 s
[16:00:07] [main/INFO]: Applied 788 biome modifications to 64 of 64 new biomes in 16.21 ms
[16:00:07] [Server thread/INFO]: Loading default shop config...
[16:00:07] [Server thread/INFO]: Default shop config loaded!
[16:00:07] [Server thread/INFO]: Loading bank config...
[16:00:07] [Server thread/INFO]: Bank config loaded!
[16:00:07] [Server thread/WARN]: Error loading class: com/github/d0ctorleon/mythsandlegends/cobblemon/spawning/condition/item/KeyItemCondition (java.lang.ClassNotFoundException: com/github/d0ctorleon/mythsandlegends/cobblemon/spawning/condition/item/KeyItemCondition)
[16:00:07] [Server thread/INFO]: Registered 8 collectors and 4 block collectors
[16:00:07] [Server thread/INFO]: MobsBeGone >> Total Entity Types: 151 | Bit Array Size: 3 longs / 192 bits | Blacklisted Entities: 80
[16:00:07] [Server thread/INFO]: MobsBeGone >> Up and running!
[16:00:07] [Server thread/INFO]: Starting minecraft server version 1.21.1
[16:00:07] [Server thread/INFO]: Loading properties
[16:00:07] [Server thread/INFO]: Default game type: SURVIVAL
[16:00:07] [Server thread/INFO]: Generating keypair
[16:00:07] [Server thread/INFO]: Starting Minecraft server on *:25565
[16:00:07] [Server thread/INFO]: Using epoll channel type
[16:00:07] [Server thread/INFO]: Preparing level "world"
[16:00:08] [Server thread/INFO]: Preparing start region for dimension minecraft:overworld
[16:00:08] [Worker-Main-2/INFO]: Preparing spawn area: 0%
[16:00:08] [Worker-Main-2/INFO]: Preparing spawn area: 0%
[16:00:09] [Worker-Main-3/INFO]: Preparing spawn area: 24%
[16:00:09] [Server thread/INFO]: Time elapsed: 1444 ms
[16:00:09] [Server thread/INFO]: Done (1.748s)! For help, type "help"
[16:00:09] [Server thread/WARN]: Dedicated server took 49.386 seconds to load
[16:00:09] [Server thread/INFO]: Data pack initialized: rctmod
[16:00:09] [Server thread/INFO]: Data pack initialized: COBBLEVERSE-RCT-DP-v13.zip
[16:00:14] [Server thread/INFO]: Registered 1664 trainers
[16:00:14] [Server thread/WARN]: Can't keep up! Is the server overloaded? Running 4831ms or 96 ticks behind
[16:03:20] [User Authenticator #1/INFO]: UUID of player BenjaXx015 is 88613add-e9af-4d19-bc51-d2a1c4b649bb
[16:03:27] [Server thread/INFO]: BenjaXx015[/127.96.128.56:37287] logged in with entity id 5 at (268.30000001192093, 116.0, -38.378087618160265)
[16:03:27] [Server thread/INFO]: BenjaXx015 joined the game
[16:03:27] [Server thread/INFO]: Registered trainer player: BenjaXx015
[16:03:27] [Server thread/WARN]: Can't keep up! Is the server overloaded? Running 2102ms or 42 ticks behind
[16:03:28] [Server thread/WARN]: Error loading class: net/minecraft/class_638 (java.lang.ClassNotFoundException: net/minecraft/class_638)
[16:03:28] [Server thread/WARN]: Error loading class: net/minecraft/class_638 (java.lang.ClassNotFoundException: net/minecraft/class_638)
[16:07:27] [Server thread/INFO]: BenjaXx015 was slain by Enamorus
[16:07:27] [Server thread/INFO]: [BenjaXx015: [LD] You died at 264, 117, -36, in minecraft:overworld.]
[16:08:04] [Server thread/INFO]: BenjaXx015 was doomed to fall by Enamorus
[16:08:04] [Server thread/INFO]: [BenjaXx015: [LD] You died at 331, 80, 48, in minecraft:overworld.]
[16:29:18] [Server thread/INFO]: BenjaXx015 has made the advancement [Diamonds!]
[16:53:43] [Server thread/INFO]: No battle could be found with the id: 50a162dc-f1e5-446d-b0ef-db1d5e29d829
[16:53:43] [Server thread/INFO]: No battle could be found with the id: 50a162dc-f1e5-446d-b0ef-db1d5e29d829
[17:07:17] [Server thread/WARN]: Noctowl (vehicle of BenjaXx015) moved too quickly! 6.739727302815652,0.0,7.805705699488328
[17:07:17] [Server thread/WARN]: Noctowl (vehicle of BenjaXx015) moved too quickly! 7.039130738382369,0.0,8.392364008594228
[17:07:17] [Server thread/WARN]: Noctowl (vehicle of BenjaXx015) moved too quickly! 7.329268838508256,0.0,8.985446996454101
[17:07:17] [Server thread/WARN]: Noctowl (vehicle of BenjaXx015) moved too quickly! 7.610661027218271,0.0,9.584417559925413
[17:07:17] [Server thread/WARN]: Noctowl (vehicle of BenjaXx015) moved too quickly! 7.8839175010397184,0.0,10.188746450679432
[17:07:17] [Server thread/WARN]: Noctowl (vehicle of BenjaXx015) moved too quickly! 8.149750295578826,0.0,10.797907190186493
[17:07:17] [Server thread/WARN]: Noctowl (vehicle of BenjaXx015) moved too quickly! 8.40869319132338,0.0,11.411461398528687
[17:10:44] [Server thread/WARN]: Tried to load a block entity for block Block{cobblefurnies:statue_ancient}[facing=south,half=upper] but failed at location class_2338{x=927, y=65, z=-1643}
[17:10:44] [Server thread/WARN]: Tried to load a block entity for block Block{cobblefurnies:statue_ancient}[facing=south,half=upper] but failed at location class_2338{x=923, y=65, z=-1643}
[17:11:00] [Server thread/WARN]: BenjaXx015 moved wrongly!
[17:27:07] [Server thread/WARN]: BenjaXx015 moved wrongly!
[17:27:26] [Server thread/INFO]: BenjaXx015 has made the advancement [The Rolling Stone]
[17:30:43] [Server thread/INFO]: No battle could be found with the id: 840aec8f-b88b-4a69-9ae2-e6e370a1a7ff
[17:30:43] [Server thread/INFO]: No battle could be found with the id: 840aec8f-b88b-4a69-9ae2-e6e370a1a7ff
[17:35:06] [Server thread/WARN]: Noctowl (vehicle of BenjaXx015) moved too quickly! -7.4551790109853755,0.0,7.345883266187229
[17:35:06] [Server thread/WARN]: Noctowl (vehicle of BenjaXx015) moved too quickly! -7.9211276991719615,0.0,7.805000970323931
[17:35:06] [Server thread/WARN]: Noctowl (vehicle of BenjaXx015) moved too quickly! -8.387076387358547,0.0,8.264118674460633
[17:35:06] [Server thread/WARN]: Noctowl (vehicle of BenjaXx015) moved too quickly! -8.853025075545133,0.0,8.723236378597335
[17:35:06] [Server thread/WARN]: Noctowl (vehicle of BenjaXx015) moved too quickly! -9.31897376373172,0.0,9.182354082734037
[17:35:06] [Server thread/WARN]: Noctowl (vehicle of BenjaXx015) moved too quickly! -9.784922451918305,0.0,9.641471786870738
[17:35:06] [Server thread/WARN]: Noctowl (vehicle of BenjaXx015) moved too quickly! -10.250871140104891,0.0,10.10058949100744
[17:36:50] [Server thread/INFO]: BenjaXx015 has made the advancement [Full House]
[17:40:29] [Server thread/WARN]: BenjaXx015 moved wrongly!
[17:59:13] [Server thread/INFO]: Unknown or incomplete command, see below for error
[17:59:13] [Server thread/INFO]: SAY HOLA<--[HERE]
[17:59:19] [Server thread/INFO]: [Not Secure] [Server] hola
[17:59:24] [Server thread/INFO]: <BenjaXx015> wena
[17:59:31] [Server thread/INFO]: [Not Secure] [Server] se te cayo dc?
[17:59:50] [Server thread/INFO]: <BenjaXx015> yea
[18:02:02] [Server thread/INFO]: No battle could be found with the id: 55a3aefa-ab72-4f2d-addc-76f56661e9cd
[18:02:02] [Server thread/INFO]: No battle could be found with the id: 55a3aefa-ab72-4f2d-addc-76f56661e9cd
[18:11:09] [Server thread/WARN]: BenjaXx015 moved too quickly! -4.105423601202858,0.010650014126028395,9.39985362516731
[18:14:05] [Server thread/INFO]: BenjaXx015 has made the advancement [advancements.cobbleverse.kanto.defeat_brock]
[18:16:32] [Server thread/WARN]: BenjaXx015 moved wrongly!
[18:18:31] [Server thread/INFO]: BenjaXx015 lost connection: Disconnected
[18:18:31] [Server thread/INFO]: BenjaXx015 left the game
[18:18:31] [Server thread/INFO]: Unregistered trainer player: BenjaXx015
[19:27:05] [Server thread/INFO]: Stopping the server
[19:27:05] [Server thread/INFO]: Stopping server
[19:27:05] [Server thread/INFO]: Saving players
[19:27:05] [Server thread/INFO]: Saving worlds
[19:27:05] [Server thread/INFO]: Saving chunks for level 'ServerLevel[world]'/minecraft:overworld
[19:27:05] [Server thread/INFO]: Saving chunks for level 'ServerLevel[world]'/minecraft:the_nether
[19:27:05] [Server thread/INFO]: Saving chunks for level 'ServerLevel[world]'/minecraft:the_end
[19:27:05] [Server thread/INFO]: ThreadedAnvilChunkStorage (world): All chunks are saved
[19:27:05] [Server thread/INFO]: ThreadedAnvilChunkStorage (DIM-1): All chunks are saved
[19:27:05] [Server thread/INFO]: ThreadedAnvilChunkStorage (DIM1): All chunks are saved
[19:27:05] [Server thread/INFO]: ThreadedAnvilChunkStorage: All dimensions are saved
[19:27:06] [Server thread/INFO]: Discarded config watch service
